[0530/200511.990:INFO:CONSOLE(0)] "Error with Permissions-Policy header: Feature xr-spatial-tracking's parameters are ignored.", source:  (0)
[0530/200511.991:INFO:CONSOLE(0)] "Error with Permissions-Policy header: Origin trial controlled feature not enabled: 'attribution-reporting'.", source:  (0)
[0530/200511.991:INFO:CONSOLE(0)] "Error with Permissions-Policy header: Unrecognized feature: 'compute-pressure'.", source:  (0)
[0530/200511.991:INFO:CONSOLE(0)] "Error with Permissions-Policy header: Origin trial controlled feature not enabled: 'interest-cohort'.", source:  (0)
[0530/200511.991:INFO:CONSOLE(0)] "Error with Permissions-Policy header: Unrecognized feature: 'private-state-token-issuance'.", source:  (0)
[0530/200511.991:INFO:CONSOLE(0)] "Error with Permissions-Policy header: Origin trial controlled feature not enabled: 'shared-storage'.", source:  (0)
[0530/200511.991:INFO:CONSOLE(0)] "Error with Permissions-Policy header: Unrecognized feature: 'shared-storage-select-url'.", source:  (0)
[0530/200511.991:INFO:CONSOLE(0)] "Error with Permissions-Policy header: Unrecognized feature: 'private-state-token-redemption'.", source:  (0)
[0530/200511.991:INFO:CONSOLE(0)] "Error with Permissions-Policy header: Unrecognized feature: 'unload'.", source:  (0)
[0530/200511.991:INFO:CONSOLE(0)] "Error with Permissions-Policy header: Unrecognized feature: 'window-management'.", source:  (0)
[0530/200511.991:INFO:CONSOLE(0)] "Document-Policy HTTP header: Unrecognized document policy feature name include-js-call-stacks-in-crash-reports.", source: https://web.whatsapp.com/ (0)
[0530/200515.318:INFO:CONSOLE(162)] "Event handler of 'x-storagemutated-1' event must be added on the initial evaluation of worker script.", source: https://static.whatsapp.net/rsrc.php/v4/yY/r/-rH3ATWnBRe.js (162)
[0530/200536.137:INFO:CONSOLE(6)] "Uncaught (in promise) Error: secretKey is null or undefined", source:  (6)
[0530/200643.994:INFO:CONSOLE(162)] "Event handler of 'x-storagemutated-1' event must be added on the initial evaluation of worker script.", source: https://static.whatsapp.net/rsrc.php/v4/yY/r/-rH3ATWnBRe.js (162)
[0530/200759.238:INFO:CONSOLE(162)] "Event handler of 'x-storagemutated-1' event must be added on the initial evaluation of worker script.", source: https://static.whatsapp.net/rsrc.php/v4/yY/r/-rH3ATWnBRe.js (162)
[0530/201039.221:INFO:CONSOLE(1313)] "Failed to parse video contentType: video/mp4; codecs=avc1.42000a", source: https://static.whatsapp.net/rsrc.php/v4i2HK4/y7/l/rt/TMyfPPKmPWQ.js (1313)
[0530/201039.222:INFO:CONSOLE(1313)] "Failed to parse video contentType: video/mp4; codecs=hev1.1.6.L93.B0", source: https://static.whatsapp.net/rsrc.php/v4i2HK4/y7/l/rt/TMyfPPKmPWQ.js (1313)
[0530/201045.030:INFO:CONSOLE(162)] "Event handler of 'x-storagemutated-1' event must be added on the initial evaluation of worker script.", source: https://static.whatsapp.net/rsrc.php/v4/yY/r/-rH3ATWnBRe.js (162)
[0530/201844.628:INFO:CONSOLE(162)] "Event handler of 'x-storagemutated-1' event must be added on the initial evaluation of worker script.", source: https://static.whatsapp.net/rsrc.php/v4/yY/r/-rH3ATWnBRe.js (162)
[0530/202455.092:INFO:CONSOLE(162)] "Event handler of 'x-storagemutated-1' event must be added on the initial evaluation of worker script.", source: https://static.whatsapp.net/rsrc.php/v4/yY/r/-rH3ATWnBRe.js (162)
[0530/205004.429:INFO:CONSOLE(162)] "Event handler of 'x-storagemutated-1' event must be added on the initial evaluation of worker script.", source: https://static.whatsapp.net/rsrc.php/v4/yY/r/-rH3ATWnBRe.js (162)
[0530/205734.792:INFO:CONSOLE(162)] "Event handler of 'x-storagemutated-1' event must be added on the initial evaluation of worker script.", source: https://static.whatsapp.net/rsrc.php/v4/yY/r/-rH3ATWnBRe.js (162)
[0530/212542.696:INFO:CONSOLE(162)] "Event handler of 'x-storagemutated-1' event must be added on the initial evaluation of worker script.", source: https://static.whatsapp.net/rsrc.php/v4/yY/r/-rH3ATWnBRe.js (162)
[0530/213148.907:INFO:CONSOLE(162)] "Event handler of 'x-storagemutated-1' event must be added on the initial evaluation of worker script.", source: https://static.whatsapp.net/rsrc.php/v4/yY/r/-rH3ATWnBRe.js (162)
[0530/213447.833:INFO:CONSOLE(162)] "Event handler of 'x-storagemutated-1' event must be added on the initial evaluation of worker script.", source: https://static.whatsapp.net/rsrc.php/v4/yY/r/-rH3ATWnBRe.js (162)
[0530/213644.806:INFO:CONSOLE(162)] "Event handler of 'x-storagemutated-1' event must be added on the initial evaluation of worker script.", source: https://static.whatsapp.net/rsrc.php/v4/yY/r/-rH3ATWnBRe.js (162)
